<?xml version="1.0" encoding="UTF-8"?>
<!-- Generated by org.testng.reporters.JUnitReportReporter -->
<testsuite hostname="HPA2VTFCD3YFQYK" name="TestForDebug.TestForNG" tests="1" failures="0" timestamp="18 Dec 2014 13:03:29 GMT" time="0.062" errors="0">
  <testcase name="testCat" time="0.062" classname="TestForDebug.TestForNG"/>
</testsuite> <!-- TestForDebug.TestForNG -->
