<?xml version="1.0" encoding="UTF-8"?>
<!-- Generated by org.testng.reporters.JUnitReportReporter -->
<testsuite hostname="HPA2VTFCD3YFQYK" name="TestForDebug.TestForNG" tests="1" failures="0" timestamp="25 Jan 2015 09:13:41 GMT" time="0.094" errors="0">
  <testcase name="testCat" time="0.094" classname="TestForDebug.TestForNG"/>
</testsuite> <!-- TestForDebug.TestForNG -->
