<?xml version="1.0" encoding="UTF-8"?>
<!-- Generated by org.testng.reporters.JUnitReportReporter -->
<testsuite hostname="ceshi-PC" name="TestForDebug.TestForNG" tests="1" failures="0" timestamp="20 Jan 2015 02:47:47 GMT" time="0.016" errors="0">
  <testcase name="testCat" time="0.016" classname="TestForDebug.TestForNG"/>
</testsuite> <!-- TestForDebug.TestForNG -->
