<?xml version="1.0" encoding="UTF-8"?>
<!-- Generated by org.testng.reporters.JUnitReportReporter -->
<testsuite hostname="HPA2VTFCD3YFQYK" name="TestForDebug.TestForNG" tests="2" failures="0" timestamp="25 Jan 2015 11:07:06 GMT" time="0.016" errors="0">
  <testcase name="testCat2" time="0.000" classname="TestForDebug.TestForNG"/>
  <testcase name="testCat" time="0.016" classname="TestForDebug.TestForNG"/>
</testsuite> <!-- TestForDebug.TestForNG -->
